Analysis & Synthesis report for Processador_v1_uniciclo
Fri Nov 30 13:37:39 2018
Quartus Prime Version 18.0.0 Build 614 04/24/2018 SJ Lite Edition


---------------------
; Table of Contents ;
---------------------
  1. Legal Notice
  2. Analysis & Synthesis Summary
  3. Analysis & Synthesis Settings
  4. Parallel Compilation
  5. Analysis & Synthesis Source Files Read
  6. Analysis & Synthesis Resource Usage Summary
  7. Analysis & Synthesis Resource Utilization by Entity
  8. Registers Removed During Synthesis
  9. Removed Registers Triggering Further Register Optimizations
 10. General Register Statistics
 11. Multiplexer Restructuring Statistics (Restructuring Performed)
 12. Post-Synthesis Netlist Statistics for Top Partition
 13. Elapsed Time Per Partition
 14. Analysis & Synthesis Messages



----------------
; Legal Notice ;
----------------
Copyright (C) 2018  Intel Corporation. All rights reserved.
Your use of Intel Corporation's design tools, logic functions 
and other software and tools, and its AMPP partner logic 
functions, and any output files from any of the foregoing 
(including device programming or simulation files), and any 
associated documentation or information are expressly subject 
to the terms and conditions of the Intel Program License 
Subscription Agreement, the Intel Quartus Prime License Agreement,
the Intel FPGA IP License Agreement, or other applicable license
agreement, including, without limitation, that your use is for
the sole purpose of programming logic devices manufactured by
Intel and sold by Intel or its authorized distributors.  Please
refer to the applicable agreement for further details.



+-------------------------------------------------------------------------------+
; Analysis & Synthesis Summary                                                  ;
+---------------------------------+---------------------------------------------+
; Analysis & Synthesis Status     ; Successful - Fri Nov 30 13:37:39 2018       ;
; Quartus Prime Version           ; 18.0.0 Build 614 04/24/2018 SJ Lite Edition ;
; Revision Name                   ; Processador_v1_uniciclo                     ;
; Top-level Entity Name           ; DataPath                                    ;
; Family                          ; Cyclone V                                   ;
; Logic utilization (in ALMs)     ; N/A                                         ;
; Total registers                 ; 510                                         ;
; Total pins                      ; 178                                         ;
; Total virtual pins              ; 0                                           ;
; Total block memory bits         ; 0                                           ;
; Total DSP Blocks                ; 0                                           ;
; Total HSSI RX PCSs              ; 0                                           ;
; Total HSSI PMA RX Deserializers ; 0                                           ;
; Total HSSI TX PCSs              ; 0                                           ;
; Total HSSI PMA TX Serializers   ; 0                                           ;
; Total PLLs                      ; 0                                           ;
; Total DLLs                      ; 0                                           ;
+---------------------------------+---------------------------------------------+


+--------------------------------------------------------------------------------------------------------------------------------+
; Analysis & Synthesis Settings                                                                                                  ;
+---------------------------------------------------------------------------------+--------------------+-------------------------+
; Option                                                                          ; Setting            ; Default Value           ;
+---------------------------------------------------------------------------------+--------------------+-------------------------+
; Device                                                                          ; 5CGXFC7C7F23C8     ;                         ;
; Top-level entity name                                                           ; DataPath           ; Processador_v1_uniciclo ;
; Family name                                                                     ; Cyclone V          ; Cyclone V               ;
; Use smart compilation                                                           ; Off                ; Off                     ;
; Enable parallel Assembler and Timing Analyzer during compilation                ; On                 ; On                      ;
; Enable compact report table                                                     ; Off                ; Off                     ;
; Restructure Multiplexers                                                        ; Auto               ; Auto                    ;
; MLAB Add Timing Constraints For Mixed-Port Feed-Through Mode Setting Don't Care ; Off                ; Off                     ;
; Create Debugging Nodes for IP Cores                                             ; Off                ; Off                     ;
; Preserve fewer node names                                                       ; On                 ; On                      ;
; Intel FPGA IP Evaluation Mode                                                   ; Enable             ; Enable                  ;
; Verilog Version                                                                 ; Verilog_2001       ; Verilog_2001            ;
; VHDL Version                                                                    ; VHDL_1993          ; VHDL_1993               ;
; State Machine Processing                                                        ; Auto               ; Auto                    ;
; Safe State Machine                                                              ; Off                ; Off                     ;
; Extract Verilog State Machines                                                  ; On                 ; On                      ;
; Extract VHDL State Machines                                                     ; On                 ; On                      ;
; Ignore Verilog initial constructs                                               ; Off                ; Off                     ;
; Iteration limit for constant Verilog loops                                      ; 5000               ; 5000                    ;
; Iteration limit for non-constant Verilog loops                                  ; 250                ; 250                     ;
; Add Pass-Through Logic to Inferred RAMs                                         ; On                 ; On                      ;
; Infer RAMs from Raw Logic                                                       ; On                 ; On                      ;
; Parallel Synthesis                                                              ; On                 ; On                      ;
; DSP Block Balancing                                                             ; Auto               ; Auto                    ;
; NOT Gate Push-Back                                                              ; On                 ; On                      ;
; Power-Up Don't Care                                                             ; On                 ; On                      ;
; Remove Redundant Logic Cells                                                    ; Off                ; Off                     ;
; Remove Duplicate Registers                                                      ; On                 ; On                      ;
; Ignore CARRY Buffers                                                            ; Off                ; Off                     ;
; Ignore CASCADE Buffers                                                          ; Off                ; Off                     ;
; Ignore GLOBAL Buffers                                                           ; Off                ; Off                     ;
; Ignore ROW GLOBAL Buffers                                                       ; Off                ; Off                     ;
; Ignore LCELL Buffers                                                            ; Off                ; Off                     ;
; Ignore SOFT Buffers                                                             ; On                 ; On                      ;
; Limit AHDL Integers to 32 Bits                                                  ; Off                ; Off                     ;
; Optimization Technique                                                          ; Balanced           ; Balanced                ;
; Carry Chain Length                                                              ; 70                 ; 70                      ;
; Auto Carry Chains                                                               ; On                 ; On                      ;
; Auto Open-Drain Pins                                                            ; On                 ; On                      ;
; Perform WYSIWYG Primitive Resynthesis                                           ; Off                ; Off                     ;
; Auto ROM Replacement                                                            ; On                 ; On                      ;
; Auto RAM Replacement                                                            ; On                 ; On                      ;
; Auto DSP Block Replacement                                                      ; On                 ; On                      ;
; Auto Shift Register Replacement                                                 ; Auto               ; Auto                    ;
; Allow Shift Register Merging across Hierarchies                                 ; Auto               ; Auto                    ;
; Auto Clock Enable Replacement                                                   ; On                 ; On                      ;
; Strict RAM Replacement                                                          ; Off                ; Off                     ;
; Allow Synchronous Control Signals                                               ; On                 ; On                      ;
; Force Use of Synchronous Clear Signals                                          ; Off                ; Off                     ;
; Auto Resource Sharing                                                           ; Off                ; Off                     ;
; Allow Any RAM Size For Recognition                                              ; Off                ; Off                     ;
; Allow Any ROM Size For Recognition                                              ; Off                ; Off                     ;
; Allow Any Shift Register Size For Recognition                                   ; Off                ; Off                     ;
; Use LogicLock Constraints during Resource Balancing                             ; On                 ; On                      ;
; Ignore translate_off and synthesis_off directives                               ; Off                ; Off                     ;
; Timing-Driven Synthesis                                                         ; On                 ; On                      ;
; Report Parameter Settings                                                       ; On                 ; On                      ;
; Report Source Assignments                                                       ; On                 ; On                      ;
; Report Connectivity Checks                                                      ; On                 ; On                      ;
; Ignore Maximum Fan-Out Assignments                                              ; Off                ; Off                     ;
; Synchronization Register Chain Length                                           ; 3                  ; 3                       ;
; Power Optimization During Synthesis                                             ; Normal compilation ; Normal compilation      ;
; HDL message level                                                               ; Level2             ; Level2                  ;
; Suppress Register Optimization Related Messages                                 ; Off                ; Off                     ;
; Number of Removed Registers Reported in Synthesis Report                        ; 5000               ; 5000                    ;
; Number of Swept Nodes Reported in Synthesis Report                              ; 5000               ; 5000                    ;
; Number of Inverted Registers Reported in Synthesis Report                       ; 100                ; 100                     ;
; Clock MUX Protection                                                            ; On                 ; On                      ;
; Auto Gated Clock Conversion                                                     ; Off                ; Off                     ;
; Block Design Naming                                                             ; Auto               ; Auto                    ;
; SDC constraint protection                                                       ; Off                ; Off                     ;
; Synthesis Effort                                                                ; Auto               ; Auto                    ;
; Shift Register Replacement - Allow Asynchronous Clear Signal                    ; On                 ; On                      ;
; Pre-Mapping Resynthesis Optimization                                            ; Off                ; Off                     ;
; Analysis & Synthesis Message Level                                              ; Medium             ; Medium                  ;
; Disable Register Merging Across Hierarchies                                     ; Auto               ; Auto                    ;
; Resource Aware Inference For Block RAM                                          ; On                 ; On                      ;
; Automatic Parallel Synthesis                                                    ; On                 ; On                      ;
; Partial Reconfiguration Bitstream ID                                            ; Off                ; Off                     ;
+---------------------------------------------------------------------------------+--------------------+-------------------------+


+------------------------------------------+
; Parallel Compilation                     ;
+----------------------------+-------------+
; Processors                 ; Number      ;
+----------------------------+-------------+
; Number detected on machine ; 8           ;
; Maximum allowed            ; 4           ;
;                            ;             ;
; Average used               ; 1.00        ;
; Maximum used               ; 4           ;
;                            ;             ;
; Usage by Processor         ; % Time Used ;
;     Processor 1            ; 100.0%      ;
;     Processor 2            ;   0.0%      ;
;     Processor 3            ;   0.0%      ;
;     Processor 4            ;   0.0%      ;
+----------------------------+-------------+


+-------------------------------------------------------------------------------------------------------------------------------------------------------------------+
; Analysis & Synthesis Source Files Read                                                                                                                            ;
+----------------------------------+-----------------+-----------------+----------------------------------------------------------------------------------+---------+
; File Name with User-Entered Path ; Used in Netlist ; File Type       ; File Name with Absolute Path                                                     ; Library ;
+----------------------------------+-----------------+-----------------+----------------------------------------------------------------------------------+---------+
; ULA.vhd                          ; yes             ; User VHDL File  ; C:/Final_Judgment_Processor/Processador_v1_uniciclo/ULA.vhd                      ;         ;
; memram.vhd                       ; yes             ; User VHDL File  ; C:/Final_Judgment_Processor/Processador_v1_uniciclo/memram.vhd                   ;         ;
; QAndBIT.vhd                      ; yes             ; User VHDL File  ; C:/Final_Judgment_Processor/Processador_v1_uniciclo/QAndBIT.vhd                  ;         ;
; Somadorde16bits.vhd              ; yes             ; User VHDL File  ; C:/Final_Judgment_Processor/Processador_v1_uniciclo/Somadorde16bits.vhd          ;         ;
; Qsll.vhd                         ; yes             ; User VHDL File  ; C:/Final_Judgment_Processor/Processador_v1_uniciclo/Qsll.vhd                     ;         ;
; ShiftEsquerda.vhd                ; yes             ; User VHDL File  ; C:/Final_Judgment_Processor/Processador_v1_uniciclo/ShiftEsquerda.vhd            ;         ;
; ExtensordeSinal6To16bits.vhd     ; yes             ; User VHDL File  ; C:/Final_Judgment_Processor/Processador_v1_uniciclo/ExtensordeSinal6To16bits.vhd ;         ;
; BancoRegistradores.vhd           ; yes             ; User VHDL File  ; C:/Final_Judgment_Processor/Processador_v1_uniciclo/BancoRegistradores.vhd       ;         ;
; PC.vhd                           ; yes             ; User VHDL File  ; C:/Final_Judgment_Processor/Processador_v1_uniciclo/PC.vhd                       ;         ;
; SomadorPC.vhd                    ; yes             ; User VHDL File  ; C:/Final_Judgment_Processor/Processador_v1_uniciclo/SomadorPC.vhd                ;         ;
; memoria_rom2.vhd                 ; yes             ; User VHDL File  ; C:/Final_Judgment_Processor/Processador_v1_uniciclo/memoria_rom2.vhd             ;         ;
; UnidadedeControle.vhd            ; yes             ; User VHDL File  ; C:/Final_Judgment_Processor/Processador_v1_uniciclo/UnidadedeControle.vhd        ;         ;
; Multiplexador2x1.vhd             ; yes             ; User VHDL File  ; C:/Final_Judgment_Processor/Processador_v1_uniciclo/Multiplexador2x1.vhd         ;         ;
; DataPath.vhd                     ; yes             ; User VHDL File  ; C:/Final_Judgment_Processor/Processador_v1_uniciclo/DataPath.vhd                 ;         ;
; Multiplexador2x1_16bits.vhd      ; yes             ; User VHDL File  ; C:/Final_Judgment_Processor/Processador_v1_uniciclo/Multiplexador2x1_16bits.vhd  ;         ;
; OperacaoDaULA.vhd                ; yes             ; User VHDL File  ; C:/Final_Judgment_Processor/Processador_v1_uniciclo/OperacaoDaULA.vhd            ;         ;
+----------------------------------+-----------------+-----------------+----------------------------------------------------------------------------------+---------+


+-------------------------------------------------------------------+
; Analysis & Synthesis Resource Usage Summary                       ;
+---------------------------------------------+---------------------+
; Resource                                    ; Usage               ;
+---------------------------------------------+---------------------+
; Estimate of Logic utilization (ALMs needed) ; 371                 ;
;                                             ;                     ;
; Combinational ALUT usage for logic          ; 349                 ;
;     -- 7 input functions                    ; 64                  ;
;     -- 6 input functions                    ; 59                  ;
;     -- 5 input functions                    ; 18                  ;
;     -- 4 input functions                    ; 101                 ;
;     -- <=3 input functions                  ; 107                 ;
;                                             ;                     ;
; Dedicated logic registers                   ; 510                 ;
;                                             ;                     ;
; I/O pins                                    ; 178                 ;
;                                             ;                     ;
; Total DSP Blocks                            ; 0                   ;
;                                             ;                     ;
; Maximum fan-out node                        ; Clock_Sistema~input ;
; Maximum fan-out                             ; 510                 ;
; Total fan-out                               ; 3414                ;
; Average fan-out                             ; 2.81                ;
+---------------------------------------------+---------------------+


+-----------------------------------------------------------------------------------------------------------------------------------------------------------------------------------------------------------------------------+
; Analysis & Synthesis Resource Utilization by Entity                                                                                                                                                                         ;
+----------------------------------+---------------------+---------------------------+-------------------+------------+------+--------------+---------------------------------------+--------------------------+--------------+
; Compilation Hierarchy Node       ; Combinational ALUTs ; Dedicated Logic Registers ; Block Memory Bits ; DSP Blocks ; Pins ; Virtual Pins ; Full Hierarchy Name                   ; Entity Name              ; Library Name ;
+----------------------------------+---------------------+---------------------------+-------------------+------------+------+--------------+---------------------------------------+--------------------------+--------------+
; |DataPath                        ; 349 (0)             ; 510 (0)                   ; 0                 ; 0          ; 178  ; 0            ; |DataPath                             ; DataPath                 ; work         ;
;    |BancoRegistradores:G7|       ; 69 (69)             ; 80 (80)                   ; 0                 ; 0          ; 0    ; 0            ; |DataPath|BancoRegistradores:G7       ; BancoRegistradores       ; work         ;
;    |ExtensordeSinal6To16bits:G8| ; 1 (1)               ; 4 (4)                     ; 0                 ; 0          ; 0    ; 0            ; |DataPath|ExtensordeSinal6To16bits:G8 ; ExtensordeSinal6To16bits ; work         ;
;    |Multiplexador2x1:G6|         ; 3 (3)               ; 3 (3)                     ; 0                 ; 0          ; 0    ; 0            ; |DataPath|Multiplexador2x1:G6         ; Multiplexador2x1         ; work         ;
;    |Multiplexador2x1_16bits:G12| ; 0 (0)               ; 16 (16)                   ; 0                 ; 0          ; 0    ; 0            ; |DataPath|Multiplexador2x1_16bits:G12 ; Multiplexador2x1_16bits  ; work         ;
;    |Multiplexador2x1_16bits:G13| ; 2 (2)               ; 16 (16)                   ; 0                 ; 0          ; 0    ; 0            ; |DataPath|Multiplexador2x1_16bits:G13 ; Multiplexador2x1_16bits  ; work         ;
;    |Multiplexador2x1_16bits:G14| ; 0 (0)               ; 16 (16)                   ; 0                 ; 0          ; 0    ; 0            ; |DataPath|Multiplexador2x1_16bits:G14 ; Multiplexador2x1_16bits  ; work         ;
;    |Multiplexador2x1_16bits:G18| ; 0 (0)               ; 16 (16)                   ; 0                 ; 0          ; 0    ; 0            ; |DataPath|Multiplexador2x1_16bits:G18 ; Multiplexador2x1_16bits  ; work         ;
;    |OperacaoDaULA:G15|           ; 2 (2)               ; 7 (7)                     ; 0                 ; 0          ; 0    ; 0            ; |DataPath|OperacaoDaULA:G15           ; OperacaoDaULA            ; work         ;
;    |PC:G1|                       ; 0 (0)               ; 16 (16)                   ; 0                 ; 0          ; 0    ; 0            ; |DataPath|PC:G1                       ; PC                       ; work         ;
;    |QAndBIT:G11|                 ; 1 (1)               ; 1 (1)                     ; 0                 ; 0          ; 0    ; 0            ; |DataPath|QAndBIT:G11                 ; QAndBIT                  ; work         ;
;    |Qsll:G3|                     ; 0 (0)               ; 2 (2)                     ; 0                 ; 0          ; 0    ; 0            ; |DataPath|Qsll:G3                     ; Qsll                     ; work         ;
;    |ShiftEsquerda:G9|            ; 0 (0)               ; 8 (8)                     ; 0                 ; 0          ; 0    ; 0            ; |DataPath|ShiftEsquerda:G9            ; ShiftEsquerda            ; work         ;
;    |SomadorPC:G2|                ; 16 (16)             ; 16 (16)                   ; 0                 ; 0          ; 0    ; 0            ; |DataPath|SomadorPC:G2                ; SomadorPC                ; work         ;
;    |Somadorde16bits:G10|         ; 14 (14)             ; 16 (16)                   ; 0                 ; 0          ; 0    ; 0            ; |DataPath|Somadorde16bits:G10         ; Somadorde16bits          ; work         ;
;    |ULA:G16|                     ; 106 (106)           ; 0 (0)                     ; 0                 ; 0          ; 0    ; 0            ; |DataPath|ULA:G16                     ; ULA                      ; work         ;
;    |UnidadedeControle:G5|        ; 12 (12)             ; 7 (7)                     ; 0                 ; 0          ; 0    ; 0            ; |DataPath|UnidadedeControle:G5        ; UnidadedeControle        ; work         ;
;    |memoria_ROM2:G4|             ; 19 (19)             ; 14 (14)                   ; 0                 ; 0          ; 0    ; 0            ; |DataPath|memoria_ROM2:G4             ; memoria_ROM2             ; work         ;
;    |memram:G17|                  ; 104 (104)           ; 272 (272)                 ; 0                 ; 0          ; 0    ; 0            ; |DataPath|memram:G17                  ; memram                   ; work         ;
+----------------------------------+---------------------+---------------------------+-------------------+------------+------+--------------+---------------------------------------+--------------------------+--------------+
Note: For table entries with two numbers listed, the numbers in parentheses indicate the number of resources of the given type used by the specific entity alone. The numbers listed outside of parentheses indicate the total resources of the given type used by the specific entity and all of its sub-entities in the hierarchy.


+---------------------------------------------------------------------------------------------+
; Registers Removed During Synthesis                                                          ;
+------------------------------------------+--------------------------------------------------+
; Register name                            ; Reason for Removal                               ;
+------------------------------------------+--------------------------------------------------+
; ShiftEsquerda:G9|AUX[0,1]                ; Stuck at GND due to stuck port data_in           ;
; UnidadedeControle:G5|origalu[3]~reg0     ; Stuck at GND due to stuck port data_in           ;
; Qsll:G3|vet[0,1]                         ; Stuck at GND due to stuck port data_in           ;
; ShiftEsquerda:G9|SAIDA[0,1]              ; Stuck at GND due to stuck port data_in           ;
; Qsll:G3|resshift[0,1]                    ; Stuck at GND due to stuck port data_in           ;
; ExtensordeSinal6To16bits:G8|SAIDA[6..15] ; Merged with ExtensordeSinal6To16bits:G8|SAIDA[5] ;
; ShiftEsquerda:G9|AUX[8..15]              ; Merged with ShiftEsquerda:G9|AUX[7]              ;
; ShiftEsquerda:G9|SAIDA[8..15]            ; Merged with ShiftEsquerda:G9|SAIDA[7]            ;
; memoria_ROM2:G4|op[3]~reg0               ; Stuck at GND due to stuck port data_in           ;
; memoria_ROM2:G4|op[2]~reg0               ; Stuck at GND due to stuck port data_in           ;
; memoria_ROM2:G4|rt[2]~reg0               ; Stuck at GND due to stuck port data_in           ;
; memoria_ROM2:G4|rt[1]~reg0               ; Stuck at GND due to stuck port data_in           ;
; memoria_ROM2:G4|rd[2]~reg0               ; Stuck at GND due to stuck port data_in           ;
; memoria_ROM2:G4|funct[1]~reg0            ; Stuck at GND due to stuck port data_in           ;
; memoria_ROM2:G4|tipoi[5]~reg0            ; Stuck at GND due to stuck port data_in           ;
; memoria_ROM2:G4|tipoi[1]~reg0            ; Stuck at GND due to stuck port data_in           ;
; memoria_ROM2:G4|jump[8]~reg0             ; Stuck at GND due to stuck port data_in           ;
; memoria_ROM2:G4|jump[7]~reg0             ; Stuck at GND due to stuck port data_in           ;
; memoria_ROM2:G4|jump[5]~reg0             ; Stuck at GND due to stuck port data_in           ;
; memoria_ROM2:G4|jump[1]~reg0             ; Stuck at GND due to stuck port data_in           ;
; memoria_ROM2:G4|jump[0]~en               ; Stuck at GND due to stuck port data_in           ;
; memoria_ROM2:G4|jump[1]~en               ; Stuck at GND due to stuck port data_in           ;
; memoria_ROM2:G4|jump[2]~en               ; Stuck at GND due to stuck port data_in           ;
; memoria_ROM2:G4|jump[3]~en               ; Stuck at GND due to stuck port data_in           ;
; memoria_ROM2:G4|jump[4]~en               ; Stuck at GND due to stuck port data_in           ;
; memoria_ROM2:G4|jump[5]~en               ; Stuck at GND due to stuck port data_in           ;
; memoria_ROM2:G4|jump[6]~en               ; Stuck at GND due to stuck port data_in           ;
; memoria_ROM2:G4|jump[7]~en               ; Stuck at GND due to stuck port data_in           ;
; memoria_ROM2:G4|jump[8]~en               ; Stuck at GND due to stuck port data_in           ;
; memoria_ROM2:G4|jump[9]~en               ; Stuck at GND due to stuck port data_in           ;
; memoria_ROM2:G4|jump[10]~en              ; Stuck at GND due to stuck port data_in           ;
; memoria_ROM2:G4|jump[11]~en              ; Stuck at GND due to stuck port data_in           ;
; memoria_ROM2:G4|jump[0]~reg0             ; Stuck at GND due to stuck port clock_enable      ;
; memoria_ROM2:G4|jump[2]~reg0             ; Stuck at GND due to stuck port clock_enable      ;
; memoria_ROM2:G4|jump[3]~reg0             ; Stuck at GND due to stuck port clock_enable      ;
; memoria_ROM2:G4|jump[4]~reg0             ; Stuck at GND due to stuck port clock_enable      ;
; memoria_ROM2:G4|jump[6]~reg0             ; Stuck at GND due to stuck port clock_enable      ;
; memoria_ROM2:G4|jump[9]~reg0             ; Stuck at GND due to stuck port clock_enable      ;
; memoria_ROM2:G4|jump[10]~reg0            ; Stuck at GND due to stuck port clock_enable      ;
; memoria_ROM2:G4|jump[11]~reg0            ; Stuck at GND due to stuck port clock_enable      ;
; Qsll:G3|vet[2..13]                       ; Stuck at VCC due to stuck port data_in           ;
; Qsll:G3|resshift[2..13]                  ; Stuck at VCC due to stuck port data_in           ;
; memoria_ROM2:G4|funct[2]~en              ; Merged with memoria_ROM2:G4|funct[1]~en          ;
; memoria_ROM2:G4|funct[1]~en              ; Merged with memoria_ROM2:G4|funct[0]~en          ;
; memoria_ROM2:G4|funct[0]~en              ; Merged with memoria_ROM2:G4|rd[2]~en             ;
; memoria_ROM2:G4|rd[2]~en                 ; Merged with memoria_ROM2:G4|rd[1]~en             ;
; memoria_ROM2:G4|rd[1]~en                 ; Merged with memoria_ROM2:G4|rd[0]~en             ;
; memoria_ROM2:G4|tipoi[5]~en              ; Merged with memoria_ROM2:G4|tipoi[4]~en          ;
; memoria_ROM2:G4|tipoi[4]~en              ; Merged with memoria_ROM2:G4|tipoi[3]~en          ;
; memoria_ROM2:G4|tipoi[3]~en              ; Merged with memoria_ROM2:G4|tipoi[2]~en          ;
; memoria_ROM2:G4|tipoi[2]~en              ; Merged with memoria_ROM2:G4|tipoi[1]~en          ;
; memoria_ROM2:G4|tipoi[1]~en              ; Merged with memoria_ROM2:G4|tipoi[0]~en          ;
; memoria_ROM2:G4|rt[2]~en                 ; Merged with memoria_ROM2:G4|rt[1]~en             ;
; memoria_ROM2:G4|rt[1]~en                 ; Merged with memoria_ROM2:G4|rt[0]~en             ;
; memoria_ROM2:G4|rt[0]~en                 ; Merged with memoria_ROM2:G4|op[3]~en             ;
; memoria_ROM2:G4|op[3]~en                 ; Merged with memoria_ROM2:G4|op[2]~en             ;
; memoria_ROM2:G4|op[2]~en                 ; Merged with memoria_ROM2:G4|op[1]~en             ;
; memoria_ROM2:G4|op[1]~en                 ; Merged with memoria_ROM2:G4|op[0]~en             ;
; memoria_ROM2:G4|op[0]~en                 ; Merged with memoria_ROM2:G4|rs[2]~en             ;
; memoria_ROM2:G4|rs[2]~en                 ; Merged with memoria_ROM2:G4|rs[1]~en             ;
; memoria_ROM2:G4|rs[1]~en                 ; Merged with memoria_ROM2:G4|rs[0]~en             ;
; memoria_ROM2:G4|op[1]~reg0               ; Merged with memoria_ROM2:G4|rs[1]~reg0           ;
; memoria_ROM2:G4|rd[1]~reg0               ; Merged with memoria_ROM2:G4|rd[0]~reg0           ;
; memoria_ROM2:G4|tipoi[4]~reg0            ; Merged with memoria_ROM2:G4|tipoi[3]~reg0        ;
; ExtensordeSinal6To16bits:G8|SAIDA[5]     ; Merged with ExtensordeSinal6To16bits:G8|SAIDA[1] ;
; UnidadedeControle:G5|origalu[0]~en       ; Merged with UnidadedeControle:G5|regdest~en      ;
; UnidadedeControle:G5|origalu[1]~en       ; Merged with UnidadedeControle:G5|regdest~en      ;
; UnidadedeControle:G5|origalu[2]~en       ; Merged with UnidadedeControle:G5|regdest~en      ;
; UnidadedeControle:G5|origalu[3]~en       ; Merged with UnidadedeControle:G5|regdest~en      ;
; UnidadedeControle:G5|memparareg~en       ; Merged with UnidadedeControle:G5|regdest~en      ;
; UnidadedeControle:G5|escrevereg~en       ; Merged with UnidadedeControle:G5|regdest~en      ;
; UnidadedeControle:G5|lemem~en            ; Merged with UnidadedeControle:G5|regdest~en      ;
; UnidadedeControle:G5|escrevemem~en       ; Merged with UnidadedeControle:G5|regdest~en      ;
; UnidadedeControle:G5|branch~en           ; Merged with UnidadedeControle:G5|regdest~en      ;
; UnidadedeControle:G5|aluSRC~en           ; Merged with UnidadedeControle:G5|regdest~en      ;
; UnidadedeControle:G5|jump~en             ; Merged with UnidadedeControle:G5|regdest~en      ;
; UnidadedeControle:G5|escrevemem~reg0     ; Merged with UnidadedeControle:G5|origalu[1]~reg0 ;
; UnidadedeControle:G5|jump~reg0           ; Merged with UnidadedeControle:G5|origalu[2]~reg0 ;
; UnidadedeControle:G5|branch~reg0         ; Merged with UnidadedeControle:G5|origalu[2]~reg0 ;
; UnidadedeControle:G5|lemem~reg0          ; Merged with UnidadedeControle:G5|memparareg~reg0 ;
; UnidadedeControle:G5|aluSRC~reg0         ; Merged with UnidadedeControle:G5|escrevereg~reg0 ;
; ShiftEsquerda:G9|AUX[7]                  ; Merged with ShiftEsquerda:G9|AUX[3]              ;
; ShiftEsquerda:G9|SAIDA[7]                ; Merged with ShiftEsquerda:G9|SAIDA[3]            ;
; ExtensordeSinal6To16bits:G8|SAIDA[4]     ; Merged with ExtensordeSinal6To16bits:G8|SAIDA[3] ;
; ShiftEsquerda:G9|AUX[6]                  ; Merged with ShiftEsquerda:G9|AUX[5]              ;
; ShiftEsquerda:G9|SAIDA[6]                ; Merged with ShiftEsquerda:G9|SAIDA[5]            ;
; BancoRegistradores:G7|Reg~100            ; Lost fanout                                      ;
; BancoRegistradores:G7|Reg~84             ; Lost fanout                                      ;
; BancoRegistradores:G7|Reg~101            ; Lost fanout                                      ;
; BancoRegistradores:G7|Reg~85             ; Lost fanout                                      ;
; BancoRegistradores:G7|Reg~102            ; Lost fanout                                      ;
; BancoRegistradores:G7|Reg~86             ; Lost fanout                                      ;
; BancoRegistradores:G7|Reg~103            ; Lost fanout                                      ;
; BancoRegistradores:G7|Reg~87             ; Lost fanout                                      ;
; BancoRegistradores:G7|Reg~104            ; Lost fanout                                      ;
; BancoRegistradores:G7|Reg~88             ; Lost fanout                                      ;
; BancoRegistradores:G7|Reg~105            ; Lost fanout                                      ;
; BancoRegistradores:G7|Reg~89             ; Lost fanout                                      ;
; BancoRegistradores:G7|Reg~106            ; Lost fanout                                      ;
; BancoRegistradores:G7|Reg~90             ; Lost fanout                                      ;
; BancoRegistradores:G7|Reg~107            ; Lost fanout                                      ;
; BancoRegistradores:G7|Reg~91             ; Lost fanout                                      ;
; BancoRegistradores:G7|Reg~108            ; Lost fanout                                      ;
; BancoRegistradores:G7|Reg~92             ; Lost fanout                                      ;
; BancoRegistradores:G7|Reg~109            ; Lost fanout                                      ;
; BancoRegistradores:G7|Reg~93             ; Lost fanout                                      ;
; BancoRegistradores:G7|Reg~110            ; Lost fanout                                      ;
; BancoRegistradores:G7|Reg~94             ; Lost fanout                                      ;
; BancoRegistradores:G7|Reg~111            ; Lost fanout                                      ;
; BancoRegistradores:G7|Reg~95             ; Lost fanout                                      ;
; BancoRegistradores:G7|Reg~112            ; Lost fanout                                      ;
; BancoRegistradores:G7|Reg~96             ; Lost fanout                                      ;
; BancoRegistradores:G7|Reg~113            ; Lost fanout                                      ;
; BancoRegistradores:G7|Reg~97             ; Lost fanout                                      ;
; BancoRegistradores:G7|Reg~114            ; Lost fanout                                      ;
; BancoRegistradores:G7|Reg~98             ; Lost fanout                                      ;
; BancoRegistradores:G7|Reg~115            ; Lost fanout                                      ;
; BancoRegistradores:G7|Reg~99             ; Lost fanout                                      ;
; BancoRegistradores:G7|Reg~52             ; Lost fanout                                      ;
; BancoRegistradores:G7|Reg~53             ; Lost fanout                                      ;
; BancoRegistradores:G7|Reg~54             ; Lost fanout                                      ;
; BancoRegistradores:G7|Reg~55             ; Lost fanout                                      ;
; BancoRegistradores:G7|Reg~56             ; Lost fanout                                      ;
; BancoRegistradores:G7|Reg~57             ; Lost fanout                                      ;
; BancoRegistradores:G7|Reg~58             ; Lost fanout                                      ;
; BancoRegistradores:G7|Reg~59             ; Lost fanout                                      ;
; BancoRegistradores:G7|Reg~60             ; Lost fanout                                      ;
; BancoRegistradores:G7|Reg~61             ; Lost fanout                                      ;
; BancoRegistradores:G7|Reg~62             ; Lost fanout                                      ;
; BancoRegistradores:G7|Reg~63             ; Lost fanout                                      ;
; BancoRegistradores:G7|Reg~64             ; Lost fanout                                      ;
; BancoRegistradores:G7|Reg~65             ; Lost fanout                                      ;
; BancoRegistradores:G7|Reg~66             ; Lost fanout                                      ;
; BancoRegistradores:G7|Reg~67             ; Lost fanout                                      ;
; Total Number of Removed Registers = 183  ;                                                  ;
+------------------------------------------+--------------------------------------------------+


+---------------------------------------------------------------------------------------------------+
; Removed Registers Triggering Further Register Optimizations                                       ;
+------------------------------+---------------------------+----------------------------------------+
; Register name                ; Reason for Removal        ; Registers Removed due to This Register ;
+------------------------------+---------------------------+----------------------------------------+
; memoria_ROM2:G4|jump[8]~reg0 ; Stuck at GND              ; Qsll:G3|vet[10], Qsll:G3|resshift[10]  ;
;                              ; due to stuck port data_in ;                                        ;
; memoria_ROM2:G4|jump[7]~reg0 ; Stuck at GND              ; Qsll:G3|vet[9], Qsll:G3|resshift[9]    ;
;                              ; due to stuck port data_in ;                                        ;
; memoria_ROM2:G4|jump[5]~reg0 ; Stuck at GND              ; Qsll:G3|vet[7], Qsll:G3|resshift[7]    ;
;                              ; due to stuck port data_in ;                                        ;
; memoria_ROM2:G4|jump[1]~reg0 ; Stuck at GND              ; Qsll:G3|vet[3], Qsll:G3|resshift[3]    ;
;                              ; due to stuck port data_in ;                                        ;
; memoria_ROM2:G4|jump[0]~en   ; Stuck at GND              ; Qsll:G3|vet[2], Qsll:G3|resshift[2]    ;
;                              ; due to stuck port data_in ;                                        ;
; memoria_ROM2:G4|jump[2]~en   ; Stuck at GND              ; Qsll:G3|vet[4], Qsll:G3|resshift[4]    ;
;                              ; due to stuck port data_in ;                                        ;
; memoria_ROM2:G4|jump[3]~en   ; Stuck at GND              ; Qsll:G3|vet[5], Qsll:G3|resshift[5]    ;
;                              ; due to stuck port data_in ;                                        ;
; memoria_ROM2:G4|jump[4]~en   ; Stuck at GND              ; Qsll:G3|vet[6], Qsll:G3|resshift[6]    ;
;                              ; due to stuck port data_in ;                                        ;
; memoria_ROM2:G4|jump[6]~en   ; Stuck at GND              ; Qsll:G3|vet[8], Qsll:G3|resshift[8]    ;
;                              ; due to stuck port data_in ;                                        ;
; memoria_ROM2:G4|jump[9]~en   ; Stuck at GND              ; Qsll:G3|vet[11], Qsll:G3|resshift[11]  ;
;                              ; due to stuck port data_in ;                                        ;
; memoria_ROM2:G4|jump[10]~en  ; Stuck at GND              ; Qsll:G3|vet[12], Qsll:G3|resshift[12]  ;
;                              ; due to stuck port data_in ;                                        ;
; memoria_ROM2:G4|jump[11]~en  ; Stuck at GND              ; Qsll:G3|vet[13], Qsll:G3|resshift[13]  ;
;                              ; due to stuck port data_in ;                                        ;
; ShiftEsquerda:G9|AUX[0]      ; Stuck at GND              ; ShiftEsquerda:G9|SAIDA[0]              ;
;                              ; due to stuck port data_in ;                                        ;
; ShiftEsquerda:G9|AUX[1]      ; Stuck at GND              ; ShiftEsquerda:G9|SAIDA[1]              ;
;                              ; due to stuck port data_in ;                                        ;
; Qsll:G3|vet[0]               ; Stuck at GND              ; Qsll:G3|resshift[0]                    ;
;                              ; due to stuck port data_in ;                                        ;
; Qsll:G3|vet[1]               ; Stuck at GND              ; Qsll:G3|resshift[1]                    ;
;                              ; due to stuck port data_in ;                                        ;
+------------------------------+---------------------------+----------------------------------------+


+------------------------------------------------------+
; General Register Statistics                          ;
+----------------------------------------------+-------+
; Statistic                                    ; Value ;
+----------------------------------------------+-------+
; Total registers                              ; 510   ;
; Number of registers using Synchronous Clear  ; 0     ;
; Number of registers using Synchronous Load   ; 62    ;
; Number of registers using Asynchronous Clear ; 0     ;
; Number of registers using Asynchronous Load  ; 0     ;
; Number of registers using Clock Enable       ; 360   ;
; Number of registers using Preset             ; 0     ;
+----------------------------------------------+-------+


+---------------------------------------------------------------------------------------------------------------------------------------------------------+
; Multiplexer Restructuring Statistics (Restructuring Performed)                                                                                          ;
+--------------------+-----------+---------------+----------------------+------------------------+------------+-------------------------------------------+
; Multiplexer Inputs ; Bus Width ; Baseline Area ; Area if Restructured ; Saving if Restructured ; Registered ; Example Multiplexer Output                ;
+--------------------+-----------+---------------+----------------------+------------------------+------------+-------------------------------------------+
; 3:1                ; 2 bits    ; 4 LEs         ; 4 LEs                ; 0 LEs                  ; No         ; |DataPath|UnidadedeControle:G5|origalu[1] ;
; 128:1              ; 9 bits    ; 765 LEs       ; 63 LEs               ; 702 LEs                ; No         ; |DataPath|ULA:G16|Mux0                    ;
; 129:1              ; 7 bits    ; 602 LEs       ; 56 LEs               ; 546 LEs                ; No         ; |DataPath|ULA:G16|Mux15                   ;
+--------------------+-----------+---------------+----------------------+------------------------+------------+-------------------------------------------+


+-----------------------------------------------------+
; Post-Synthesis Netlist Statistics for Top Partition ;
+-----------------------+-----------------------------+
; Type                  ; Count                       ;
+-----------------------+-----------------------------+
; arriav_ff             ; 510                         ;
;     ENA               ; 360                         ;
;     SLD               ; 62                          ;
;     plain             ; 88                          ;
; arriav_io_obuf        ; 46                          ;
; arriav_lcell_comb     ; 349                         ;
;     arith             ; 52                          ;
;         1 data inputs ; 20                          ;
;         2 data inputs ; 32                          ;
;     extend            ; 64                          ;
;         7 data inputs ; 64                          ;
;     normal            ; 217                         ;
;         1 data inputs ; 4                           ;
;         2 data inputs ; 27                          ;
;         3 data inputs ; 8                           ;
;         4 data inputs ; 101                         ;
;         5 data inputs ; 18                          ;
;         6 data inputs ; 59                          ;
;     shared            ; 16                          ;
;         2 data inputs ; 16                          ;
; boundary_port         ; 178                         ;
;                       ;                             ;
; Max LUT depth         ; 8.20                        ;
; Average LUT depth     ; 3.57                        ;
+-----------------------+-----------------------------+


+-------------------------------+
; Elapsed Time Per Partition    ;
+----------------+--------------+
; Partition Name ; Elapsed Time ;
+----------------+--------------+
; Top            ; 00:00:02     ;
+----------------+--------------+


+-------------------------------+
; Analysis & Synthesis Messages ;
+-------------------------------+
Info: *******************************************************************
Info: Running Quartus Prime Analysis & Synthesis
    Info: Version 18.0.0 Build 614 04/24/2018 SJ Lite Edition
    Info: Processing started: Fri Nov 30 13:37:23 2018
Info: Command: quartus_map --read_settings_files=on --write_settings_files=off Processador_v1_uniciclo -c Processador_v1_uniciclo
Warning (18236): Number of processors has not been specified which may cause overloading on shared machines.  Set the global assignment NUM_PARALLEL_PROCESSORS in your QSF to an appropriate value for best performance.
Info (20030): Parallel compilation is enabled and will use 4 of the 4 processors detected
Info (12021): Found 2 design units, including 1 entities, in source file ula.vhd
    Info (12022): Found design unit 1: ULA-behavior File: C:/Final_Judgment_Processor/Processador_v1_uniciclo/ULA.vhd Line: 19
    Info (12023): Found entity 1: ULA File: C:/Final_Judgment_Processor/Processador_v1_uniciclo/ULA.vhd Line: 6
Info (12021): Found 2 design units, including 1 entities, in source file memram.vhd
    Info (12022): Found design unit 1: memram-behavior File: C:/Final_Judgment_Processor/Processador_v1_uniciclo/memram.vhd Line: 15
    Info (12023): Found entity 1: memram File: C:/Final_Judgment_Processor/Processador_v1_uniciclo/memram.vhd Line: 6
Info (12021): Found 2 design units, including 1 entities, in source file qandbit.vhd
    Info (12022): Found design unit 1: QandBIT-behavior File: C:/Final_Judgment_Processor/Processador_v1_uniciclo/QAndBIT.vhd Line: 12
    Info (12023): Found entity 1: QAndBIT File: C:/Final_Judgment_Processor/Processador_v1_uniciclo/QAndBIT.vhd Line: 4
Info (12021): Found 2 design units, including 1 entities, in source file somadorde16bits.vhd
    Info (12022): Found design unit 1: Somadorde16bits-BEHAVIOR File: C:/Final_Judgment_Processor/Processador_v1_uniciclo/Somadorde16bits.vhd Line: 14
    Info (12023): Found entity 1: Somadorde16bits File: C:/Final_Judgment_Processor/Processador_v1_uniciclo/Somadorde16bits.vhd Line: 6
Info (12021): Found 2 design units, including 1 entities, in source file qsll.vhd
    Info (12022): Found design unit 1: Qsll-behavior File: C:/Final_Judgment_Processor/Processador_v1_uniciclo/Qsll.vhd Line: 13
    Info (12023): Found entity 1: Qsll File: C:/Final_Judgment_Processor/Processador_v1_uniciclo/Qsll.vhd Line: 4
Info (12021): Found 2 design units, including 1 entities, in source file shiftesquerda.vhd
    Info (12022): Found design unit 1: ShiftEsquerda-BEHAVIOR File: C:/Final_Judgment_Processor/Processador_v1_uniciclo/ShiftEsquerda.vhd Line: 16
    Info (12023): Found entity 1: ShiftEsquerda File: C:/Final_Judgment_Processor/Processador_v1_uniciclo/ShiftEsquerda.vhd Line: 6
Info (12021): Found 2 design units, including 1 entities, in source file extensordesinal6to16bits.vhd
    Info (12022): Found design unit 1: ExtensordeSinal6To16bits-BEHAVIOR File: C:/Final_Judgment_Processor/Processador_v1_uniciclo/ExtensordeSinal6To16bits.vhd Line: 15
    Info (12023): Found entity 1: ExtensordeSinal6To16bits File: C:/Final_Judgment_Processor/Processador_v1_uniciclo/ExtensordeSinal6To16bits.vhd Line: 6
Info (12021): Found 2 design units, including 1 entities, in source file bancoregistradores.vhd
    Info (12022): Found design unit 1: BancoRegistradores-behavior File: C:/Final_Judgment_Processor/Processador_v1_uniciclo/BancoRegistradores.vhd Line: 19
    Info (12023): Found entity 1: BancoRegistradores File: C:/Final_Judgment_Processor/Processador_v1_uniciclo/BancoRegistradores.vhd Line: 6
Info (12021): Found 2 design units, including 1 entities, in source file pc.vhd
    Info (12022): Found design unit 1: PC-behavior File: C:/Final_Judgment_Processor/Processador_v1_uniciclo/PC.vhd Line: 17
    Info (12023): Found entity 1: PC File: C:/Final_Judgment_Processor/Processador_v1_uniciclo/PC.vhd Line: 6
Info (12021): Found 2 design units, including 1 entities, in source file somadorpc.vhd
    Info (12022): Found design unit 1: SomadorPC-behavior File: C:/Final_Judgment_Processor/Processador_v1_uniciclo/SomadorPC.vhd Line: 13
    Info (12023): Found entity 1: SomadorPC File: C:/Final_Judgment_Processor/Processador_v1_uniciclo/SomadorPC.vhd Line: 6
Info (12021): Found 2 design units, including 1 entities, in source file memoria_rom2.vhd
    Info (12022): Found design unit 1: memoria_ROM2-behavior File: C:/Final_Judgment_Processor/Processador_v1_uniciclo/memoria_rom2.vhd Line: 20
    Info (12023): Found entity 1: memoria_ROM2 File: C:/Final_Judgment_Processor/Processador_v1_uniciclo/memoria_rom2.vhd Line: 6
Info (12021): Found 2 design units, including 1 entities, in source file unidadedecontrole.vhd
    Info (12022): Found design unit 1: UnidadedeControle-behavior File: C:/Final_Judgment_Processor/Processador_v1_uniciclo/UnidadedeControle.vhd Line: 23
    Info (12023): Found entity 1: UnidadedeControle File: C:/Final_Judgment_Processor/Processador_v1_uniciclo/UnidadedeControle.vhd Line: 4
Info (12021): Found 2 design units, including 1 entities, in source file multiplexador2x1.vhd
    Info (12022): Found design unit 1: Multiplexador2x1-Multiplexador2x1 File: C:/Final_Judgment_Processor/Processador_v1_uniciclo/Multiplexador2x1.vhd Line: 16
    Info (12023): Found entity 1: Multiplexador2x1 File: C:/Final_Judgment_Processor/Processador_v1_uniciclo/Multiplexador2x1.vhd Line: 5
Info (12021): Found 2 design units, including 1 entities, in source file datapath.vhd
    Info (12022): Found design unit 1: DataPath-behavior File: C:/Final_Judgment_Processor/Processador_v1_uniciclo/DataPath.vhd Line: 55
    Info (12023): Found entity 1: DataPath File: C:/Final_Judgment_Processor/Processador_v1_uniciclo/DataPath.vhd Line: 6
Info (12021): Found 2 design units, including 1 entities, in source file multiplexador2x1_16bits.vhd
    Info (12022): Found design unit 1: Multiplexador2x1_16bits-Multiplexador2x1_16bits File: C:/Final_Judgment_Processor/Processador_v1_uniciclo/Multiplexador2x1_16bits.vhd Line: 16
    Info (12023): Found entity 1: Multiplexador2x1_16bits File: C:/Final_Judgment_Processor/Processador_v1_uniciclo/Multiplexador2x1_16bits.vhd Line: 5
Info (12021): Found 2 design units, including 1 entities, in source file operacaodaula.vhd
    Info (12022): Found design unit 1: OperacaoDaULA-BEHAVIOR File: C:/Final_Judgment_Processor/Processador_v1_uniciclo/OperacaoDaULA.vhd Line: 16
    Info (12023): Found entity 1: OperacaoDaULA File: C:/Final_Judgment_Processor/Processador_v1_uniciclo/OperacaoDaULA.vhd Line: 6
Info (12127): Elaborating entity "DataPath" for the top level hierarchy
Info (12128): Elaborating entity "PC" for hierarchy "PC:G1" File: C:/Final_Judgment_Processor/Processador_v1_uniciclo/DataPath.vhd Line: 312
Info (12128): Elaborating entity "SomadorPC" for hierarchy "SomadorPC:G2" File: C:/Final_Judgment_Processor/Processador_v1_uniciclo/DataPath.vhd Line: 313
Info (12128): Elaborating entity "Qsll" for hierarchy "Qsll:G3" File: C:/Final_Judgment_Processor/Processador_v1_uniciclo/DataPath.vhd Line: 314
Info (12128): Elaborating entity "memoria_ROM2" for hierarchy "memoria_ROM2:G4" File: C:/Final_Judgment_Processor/Processador_v1_uniciclo/DataPath.vhd Line: 315
Warning (10873): Using initial value X (don't care) for net "ROM[7..65535]" at memoria_rom2.vhd(23) File: C:/Final_Judgment_Processor/Processador_v1_uniciclo/memoria_rom2.vhd Line: 23
Info (12128): Elaborating entity "UnidadedeControle" for hierarchy "UnidadedeControle:G5" File: C:/Final_Judgment_Processor/Processador_v1_uniciclo/DataPath.vhd Line: 317
Info (12128): Elaborating entity "Multiplexador2x1" for hierarchy "Multiplexador2x1:G6" File: C:/Final_Judgment_Processor/Processador_v1_uniciclo/DataPath.vhd Line: 319
Info (12128): Elaborating entity "BancoRegistradores" for hierarchy "BancoRegistradores:G7" File: C:/Final_Judgment_Processor/Processador_v1_uniciclo/DataPath.vhd Line: 320
Info (12128): Elaborating entity "ExtensordeSinal6To16bits" for hierarchy "ExtensordeSinal6To16bits:G8" File: C:/Final_Judgment_Processor/Processador_v1_uniciclo/DataPath.vhd Line: 322
Info (12128): Elaborating entity "ShiftEsquerda" for hierarchy "ShiftEsquerda:G9" File: C:/Final_Judgment_Processor/Processador_v1_uniciclo/DataPath.vhd Line: 323
Info (12128): Elaborating entity "Somadorde16bits" for hierarchy "Somadorde16bits:G10" File: C:/Final_Judgment_Processor/Processador_v1_uniciclo/DataPath.vhd Line: 324
Info (12128): Elaborating entity "QAndBIT" for hierarchy "QAndBIT:G11" File: C:/Final_Judgment_Processor/Processador_v1_uniciclo/DataPath.vhd Line: 325
Info (12128): Elaborating entity "Multiplexador2x1_16bits" for hierarchy "Multiplexador2x1_16bits:G12" File: C:/Final_Judgment_Processor/Processador_v1_uniciclo/DataPath.vhd Line: 326
Info (12128): Elaborating entity "OperacaoDaULA" for hierarchy "OperacaoDaULA:G15" File: C:/Final_Judgment_Processor/Processador_v1_uniciclo/DataPath.vhd Line: 329
Info (12128): Elaborating entity "ULA" for hierarchy "ULA:G16" File: C:/Final_Judgment_Processor/Processador_v1_uniciclo/DataPath.vhd Line: 330
Warning (10542): VHDL Variable Declaration warning at ULA.vhd(26): used initial value expression for variable "Prod" because variable was never assigned a value File: C:/Final_Judgment_Processor/Processador_v1_uniciclo/ULA.vhd Line: 26
Warning (10542): VHDL Variable Declaration warning at ULA.vhd(27): used initial value expression for variable "NotMult" because variable was never assigned a value File: C:/Final_Judgment_Processor/Processador_v1_uniciclo/ULA.vhd Line: 27
Info (12128): Elaborating entity "memram" for hierarchy "memram:G17" File: C:/Final_Judgment_Processor/Processador_v1_uniciclo/DataPath.vhd Line: 331
Info (276014): Found 2 instances of uninferred RAM logic
    Info (276007): RAM logic "memram:G17|ram" is uninferred due to asynchronous read logic File: C:/Final_Judgment_Processor/Processador_v1_uniciclo/memram.vhd Line: 17
    Info (276007): RAM logic "BancoRegistradores:G7|Reg" is uninferred due to asynchronous read logic File: C:/Final_Judgment_Processor/Processador_v1_uniciclo/BancoRegistradores.vhd Line: 22
Warning (13050): Open-drain buffer(s) that do not directly drive top-level pin(s) are removed
    Warning (13051): Converted the fanout from the open-drain buffer "memoria_ROM2:G4|op[2]" to the node "UnidadedeControle:G5|Equal0" into a wire File: C:/Final_Judgment_Processor/Processador_v1_uniciclo/memoria_rom2.vhd Line: 39
    Warning (13051): Converted the fanout from the open-drain buffer "memoria_ROM2:G4|op[3]" to the node "UnidadedeControle:G5|Equal0" into a wire File: C:/Final_Judgment_Processor/Processador_v1_uniciclo/memoria_rom2.vhd Line: 39
    Warning (13051): Converted the fanout from the open-drain buffer "memoria_ROM2:G4|rd[2]" to the node "BancoRegistradores:G7|Reg" into a wire File: C:/Final_Judgment_Processor/Processador_v1_uniciclo/memoria_rom2.vhd Line: 39
    Warning (13051): Converted the fanout from the open-drain buffer "memoria_ROM2:G4|rt[1]" to the node "Multiplexador2x1:G6|SAIDA" into a wire File: C:/Final_Judgment_Processor/Processador_v1_uniciclo/memoria_rom2.vhd Line: 39
    Warning (13051): Converted the fanout from the open-drain buffer "memoria_ROM2:G4|rt[2]" to the node "Multiplexador2x1:G6|SAIDA" into a wire File: C:/Final_Judgment_Processor/Processador_v1_uniciclo/memoria_rom2.vhd Line: 39
    Warning (13051): Converted the fanout from the open-drain buffer "memoria_ROM2:G4|funct[1]" to the node "OperacaoDaULA:G15|SAIDA[1]" into a wire File: C:/Final_Judgment_Processor/Processador_v1_uniciclo/memoria_rom2.vhd Line: 39
    Warning (13051): Converted the fanout from the open-drain buffer "memoria_ROM2:G4|tipoi[1]" to the node "ExtensordeSinal6To16bits:G8|SAIDA[1]" into a wire File: C:/Final_Judgment_Processor/Processador_v1_uniciclo/memoria_rom2.vhd Line: 39
    Warning (13051): Converted the fanout from the open-drain buffer "memoria_ROM2:G4|tipoi[5]" to the node "ExtensordeSinal6To16bits:G8|SAIDA[5]" into a wire File: C:/Final_Judgment_Processor/Processador_v1_uniciclo/memoria_rom2.vhd Line: 39
    Warning (13051): Converted the fanout from the open-drain buffer "memoria_ROM2:G4|jump[0]" to the node "Qsll:G3|vet[2]" into a wire File: C:/Final_Judgment_Processor/Processador_v1_uniciclo/memoria_rom2.vhd Line: 39
    Warning (13051): Converted the fanout from the open-drain buffer "memoria_ROM2:G4|jump[1]" to the node "Qsll:G3|vet[3]" into a wire File: C:/Final_Judgment_Processor/Processador_v1_uniciclo/memoria_rom2.vhd Line: 39
    Warning (13051): Converted the fanout from the open-drain buffer "memoria_ROM2:G4|jump[2]" to the node "Qsll:G3|vet[4]" into a wire File: C:/Final_Judgment_Processor/Processador_v1_uniciclo/memoria_rom2.vhd Line: 39
    Warning (13051): Converted the fanout from the open-drain buffer "memoria_ROM2:G4|jump[3]" to the node "Qsll:G3|vet[5]" into a wire File: C:/Final_Judgment_Processor/Processador_v1_uniciclo/memoria_rom2.vhd Line: 39
    Warning (13051): Converted the fanout from the open-drain buffer "memoria_ROM2:G4|jump[4]" to the node "Qsll:G3|vet[6]" into a wire File: C:/Final_Judgment_Processor/Processador_v1_uniciclo/memoria_rom2.vhd Line: 39
    Warning (13051): Converted the fanout from the open-drain buffer "memoria_ROM2:G4|jump[5]" to the node "Qsll:G3|vet[7]" into a wire File: C:/Final_Judgment_Processor/Processador_v1_uniciclo/memoria_rom2.vhd Line: 39
    Warning (13051): Converted the fanout from the open-drain buffer "memoria_ROM2:G4|jump[6]" to the node "Qsll:G3|vet[8]" into a wire File: C:/Final_Judgment_Processor/Processador_v1_uniciclo/memoria_rom2.vhd Line: 39
    Warning (13051): Converted the fanout from the open-drain buffer "memoria_ROM2:G4|jump[7]" to the node "Qsll:G3|vet[9]" into a wire File: C:/Final_Judgment_Processor/Processador_v1_uniciclo/memoria_rom2.vhd Line: 39
    Warning (13051): Converted the fanout from the open-drain buffer "memoria_ROM2:G4|jump[8]" to the node "Qsll:G3|vet[10]" into a wire File: C:/Final_Judgment_Processor/Processador_v1_uniciclo/memoria_rom2.vhd Line: 39
    Warning (13051): Converted the fanout from the open-drain buffer "memoria_ROM2:G4|jump[9]" to the node "Qsll:G3|vet[11]" into a wire File: C:/Final_Judgment_Processor/Processador_v1_uniciclo/memoria_rom2.vhd Line: 39
    Warning (13051): Converted the fanout from the open-drain buffer "memoria_ROM2:G4|jump[10]" to the node "Qsll:G3|vet[12]" into a wire File: C:/Final_Judgment_Processor/Processador_v1_uniciclo/memoria_rom2.vhd Line: 39
    Warning (13051): Converted the fanout from the open-drain buffer "memoria_ROM2:G4|jump[11]" to the node "Qsll:G3|vet[13]" into a wire File: C:/Final_Judgment_Processor/Processador_v1_uniciclo/memoria_rom2.vhd Line: 39
    Warning (13051): Converted the fanout from the open-drain buffer "UnidadedeControle:G5|origalu[3]" to the node "OperacaoDaULA:G15|SAIDA[6]" into a wire File: C:/Final_Judgment_Processor/Processador_v1_uniciclo/UnidadedeControle.vhd Line: 28
Warning (13046): Tri-state node(s) do not directly drive top-level pin(s)
    Warning (13047): Converted the fan-out from the tri-state buffer "memoria_ROM2:G4|rs[0]" to the node "Multiplexador2x1:G6|SAIDA" into an OR gate File: C:/Final_Judgment_Processor/Processador_v1_uniciclo/memoria_rom2.vhd Line: 39
    Warning (13047): Converted the fan-out from the tri-state buffer "memoria_ROM2:G4|rs[1]" to the node "Multiplexador2x1:G6|SAIDA" into an OR gate File: C:/Final_Judgment_Processor/Processador_v1_uniciclo/memoria_rom2.vhd Line: 39
    Warning (13047): Converted the fan-out from the tri-state buffer "memoria_ROM2:G4|rs[2]" to the node "Multiplexador2x1:G6|SAIDA" into an OR gate File: C:/Final_Judgment_Processor/Processador_v1_uniciclo/memoria_rom2.vhd Line: 39
    Warning (13047): Converted the fan-out from the tri-state buffer "memoria_ROM2:G4|op[0]" to the node "UnidadedeControle:G5|Equal0" into an OR gate File: C:/Final_Judgment_Processor/Processador_v1_uniciclo/memoria_rom2.vhd Line: 39
    Warning (13047): Converted the fan-out from the tri-state buffer "memoria_ROM2:G4|op[1]" to the node "UnidadedeControle:G5|Equal0" into an OR gate File: C:/Final_Judgment_Processor/Processador_v1_uniciclo/memoria_rom2.vhd Line: 39
    Warning (13047): Converted the fan-out from the tri-state buffer "memoria_ROM2:G4|rd[0]" to the node "BancoRegistradores:G7|Reg" into an OR gate File: C:/Final_Judgment_Processor/Processador_v1_uniciclo/memoria_rom2.vhd Line: 39
    Warning (13047): Converted the fan-out from the tri-state buffer "memoria_ROM2:G4|rd[1]" to the node "BancoRegistradores:G7|Reg" into an OR gate File: C:/Final_Judgment_Processor/Processador_v1_uniciclo/memoria_rom2.vhd Line: 39
    Warning (13047): Converted the fan-out from the tri-state buffer "memoria_ROM2:G4|rt[0]" to the node "Multiplexador2x1:G6|SAIDA" into an OR gate File: C:/Final_Judgment_Processor/Processador_v1_uniciclo/memoria_rom2.vhd Line: 39
    Warning (13047): Converted the fan-out from the tri-state buffer "memoria_ROM2:G4|funct[0]" to the node "OperacaoDaULA:G15|SAIDA[0]" into an OR gate File: C:/Final_Judgment_Processor/Processador_v1_uniciclo/memoria_rom2.vhd Line: 39
    Warning (13047): Converted the fan-out from the tri-state buffer "memoria_ROM2:G4|funct[2]" to the node "OperacaoDaULA:G15|SAIDA[2]" into an OR gate File: C:/Final_Judgment_Processor/Processador_v1_uniciclo/memoria_rom2.vhd Line: 39
    Warning (13047): Converted the fan-out from the tri-state buffer "memoria_ROM2:G4|tipoi[0]" to the node "ExtensordeSinal6To16bits:G8|SAIDA[0]" into an OR gate File: C:/Final_Judgment_Processor/Processador_v1_uniciclo/memoria_rom2.vhd Line: 39
    Warning (13047): Converted the fan-out from the tri-state buffer "memoria_ROM2:G4|tipoi[2]" to the node "ExtensordeSinal6To16bits:G8|SAIDA[2]" into an OR gate File: C:/Final_Judgment_Processor/Processador_v1_uniciclo/memoria_rom2.vhd Line: 39
    Warning (13047): Converted the fan-out from the tri-state buffer "memoria_ROM2:G4|tipoi[3]" to the node "ExtensordeSinal6To16bits:G8|SAIDA[3]" into an OR gate File: C:/Final_Judgment_Processor/Processador_v1_uniciclo/memoria_rom2.vhd Line: 39
    Warning (13047): Converted the fan-out from the tri-state buffer "memoria_ROM2:G4|tipoi[4]" to the node "ExtensordeSinal6To16bits:G8|SAIDA[4]" into an OR gate File: C:/Final_Judgment_Processor/Processador_v1_uniciclo/memoria_rom2.vhd Line: 39
    Warning (13047): Converted the fan-out from the tri-state buffer "UnidadedeControle:G5|regdest" to the node "Multiplexador2x1:G6|SAIDA" into an OR gate File: C:/Final_Judgment_Processor/Processador_v1_uniciclo/UnidadedeControle.vhd Line: 9
    Warning (13047): Converted the fan-out from the tri-state buffer "UnidadedeControle:G5|origalu[0]" to the node "OperacaoDaULA:G15|SAIDA[3]" into an OR gate File: C:/Final_Judgment_Processor/Processador_v1_uniciclo/UnidadedeControle.vhd Line: 28
    Warning (13047): Converted the fan-out from the tri-state buffer "UnidadedeControle:G5|origalu[1]" to the node "OperacaoDaULA:G15|SAIDA[4]" into an OR gate File: C:/Final_Judgment_Processor/Processador_v1_uniciclo/UnidadedeControle.vhd Line: 28
    Warning (13047): Converted the fan-out from the tri-state buffer "UnidadedeControle:G5|origalu[2]" to the node "OperacaoDaULA:G15|SAIDA[5]" into an OR gate File: C:/Final_Judgment_Processor/Processador_v1_uniciclo/UnidadedeControle.vhd Line: 28
    Warning (13047): Converted the fan-out from the tri-state buffer "UnidadedeControle:G5|memparareg" to the node "Multiplexador2x1_16bits:G18|SAIDA[0]" into an OR gate File: C:/Final_Judgment_Processor/Processador_v1_uniciclo/UnidadedeControle.vhd Line: 11
    Warning (13047): Converted the fan-out from the tri-state buffer "UnidadedeControle:G5|escrevereg" to the node "BancoRegistradores:G7|Reg" into an OR gate File: C:/Final_Judgment_Processor/Processador_v1_uniciclo/UnidadedeControle.vhd Line: 12
    Warning (13047): Converted the fan-out from the tri-state buffer "UnidadedeControle:G5|lemem" to the node "memram:G17|ram" into an OR gate File: C:/Final_Judgment_Processor/Processador_v1_uniciclo/UnidadedeControle.vhd Line: 13
    Warning (13047): Converted the fan-out from the tri-state buffer "UnidadedeControle:G5|escrevemem" to the node "memram:G17|ram" into an OR gate File: C:/Final_Judgment_Processor/Processador_v1_uniciclo/UnidadedeControle.vhd Line: 14
    Warning (13047): Converted the fan-out from the tri-state buffer "UnidadedeControle:G5|branch" to the node "Multiplexador2x1_16bits:G13|SAIDA[2]" into an OR gate File: C:/Final_Judgment_Processor/Processador_v1_uniciclo/UnidadedeControle.vhd Line: 15
    Warning (13047): Converted the fan-out from the tri-state buffer "UnidadedeControle:G5|aluSRC" to the node "Multiplexador2x1_16bits:G14|SAIDA[9]" into an OR gate File: C:/Final_Judgment_Processor/Processador_v1_uniciclo/UnidadedeControle.vhd Line: 16
    Warning (13047): Converted the fan-out from the tri-state buffer "UnidadedeControle:G5|jump" to the node "QAndBIT:G11|S1" into an OR gate File: C:/Final_Judgment_Processor/Processador_v1_uniciclo/UnidadedeControle.vhd Line: 17
Info (286030): Timing-Driven Synthesis is running
Info (17049): 48 registers lost all their fanouts during netlist optimizations.
Info (16010): Generating hard_block partition "hard_block:auto_generated_inst"
    Info (16011): Adding 0 node(s), including 0 DDIO, 0 PLL, 0 transceiver and 0 LCELL
Info (21057): Implemented 971 device resources after synthesis - the final resource count might be different
    Info (21058): Implemented 1 input pins
    Info (21059): Implemented 177 output pins
    Info (21061): Implemented 793 logic cells
Info: Quartus Prime Analysis & Synthesis was successful. 0 errors, 52 warnings
    Info: Peak virtual memory: 4918 megabytes
    Info: Processing ended: Fri Nov 30 13:37:39 2018
    Info: Elapsed time: 00:00:16
    Info: Total CPU time (on all processors): 00:00:30


